<?xml version="1.0" encoding="UTF-8"?>
<!-- Generated by org.testng.reporters.JUnitReportReporter -->
<testsuite hostname="Phams-Air.lan" failures="0" tests="3" name="webdirve.Topic_01_Check_Environment" time="0.233" errors="0" timestamp="06 Apr 2023 01:14:13 GMT" skipped="0">
  <testcase classname="webdirve.Topic_01_Check_Environment" name="TC_01_Url" time="0.039"/>
  <testcase classname="webdirve.Topic_01_Check_Environment" name="TC_02_Logo" time="0.145"/>
  <testcase classname="webdirve.Topic_01_Check_Environment" name="TC_03_Form" time="0.049"/>
</testsuite> <!-- webdirve.Topic_01_Check_Environment -->
